生成启动时间为 2016-6-20 星期一 11:57:42。
项目“C:\Documents and Settings\Administrator\桌面\网页刷新软件\网页刷新软件\网页刷新软件.vcxproj”在节点 2 上(build 个目标)。
InitializeBuildStatus:
  正在对“Debug\网页刷新软件.unsuccessfulbuild”执行 Touch 任务。
ClCompile:
  所有输出均为最新。
  c:\Program Files\Microsoft Visual Studio 10.0\VC\bin\CL.exe /c /ZI /nologo /W3 /WX- /Od /Oy- /D WIN32 /D _WINDOWS /D _DEBUG /D _UNICODE /D UNICODE /Gm /EHsc /RTC1 /MTd /GS /fp:precise /Zc:wchar_t /Zc:forScope /Yu"StdAfx.h" /Fp"Debug\网页刷新软件.pch" /Fo"Debug\\" /Fd"Debug\vc100.pdb" /Gd /TP /analyze- /errorReport:prompt explorer1.cpp
  explorer1.cpp
ResourceCompile:
  所有输出均为最新。
ManifestResourceCompile:
  所有输出均为最新。
Link:
  c:\Program Files\Microsoft Visual Studio 10.0\VC\bin\link.exe /ERRORREPORT:PROMPT /OUT:"C:\Documents and Settings\Administrator\桌面\网页刷新软件\Debug\网页刷新软件.exe" /INCREMENTAL /NOLOGO /MANIFEST /ManifestFile:"Debug\网页刷新软件.exe.intermediate.manifest" /MANIFESTUAC:"level='asInvoker' uiAccess='false'" /DEBUG /PDB:"C:\Documents and Settings\Administrator\桌面\网页刷新软件\Debug\网页刷新软件.pdb" /SUBSYSTEM:WINDOWS /TLBID:1 /ENTRY:"wWinMainCRTStartup" /DYNAMICBASE /NXCOMPAT /IMPLIB:"C:\Documents and Settings\Administrator\桌面\网页刷新软件\Debug\网页刷新软件.lib" /MACHINE:X86 "Debug\网页刷新软件.res"
  "Debug\网页刷新软件.exe.embed.manifest.res"
  Debug\explorer1.obj
  Debug\stdafx.obj
  "Debug\网页刷新软件.obj"
  "Debug\网页刷新软件Dlg.obj"
Manifest:
  c:\Program Files\Microsoft SDKs\Windows\v7.0A\bin\mt.exe /nologo /verbose /out:"Debug\网页刷新软件.exe.embed.manifest" /manifest "Debug\网页刷新软件.exe.intermediate.manifest" "c:\Program Files\Microsoft Visual Studio 10.0\VC\Include\Manifest\dpiaware.manifest"
  c:\Program Files\Microsoft SDKs\Windows\v7.0A\bin\rc.exe /nologo /fo"Debug\网页刷新软件.exe.embed.manifest.res" "Debug\网页刷新软件_manifest.rc" 
LinkEmbedManifest:
  c:\Program Files\Microsoft Visual Studio 10.0\VC\bin\link.exe /ERRORREPORT:PROMPT /OUT:"C:\Documents and Settings\Administrator\桌面\网页刷新软件\Debug\网页刷新软件.exe" /INCREMENTAL /NOLOGO /MANIFEST /ManifestFile:"Debug\网页刷新软件.exe.intermediate.manifest" /MANIFESTUAC:"level='asInvoker' uiAccess='false'" /DEBUG /PDB:"C:\Documents and Settings\Administrator\桌面\网页刷新软件\Debug\网页刷新软件.pdb" /SUBSYSTEM:WINDOWS /TLBID:1 /ENTRY:"wWinMainCRTStartup" /DYNAMICBASE /NXCOMPAT /IMPLIB:"C:\Documents and Settings\Administrator\桌面\网页刷新软件\Debug\网页刷新软件.lib" /MACHINE:X86 "Debug\网页刷新软件.res"
  "Debug\网页刷新软件.exe.embed.manifest.res"
  Debug\explorer1.obj
  Debug\stdafx.obj
  "Debug\网页刷新软件.obj"
  "Debug\网页刷新软件Dlg.obj"
  网页刷新软件.vcxproj -> C:\Documents and Settings\Administrator\桌面\网页刷新软件\Debug\网页刷新软件.exe
FinalizeBuildStatus:
  正在删除文件“Debug\网页刷新软件.unsuccessfulbuild”。
  正在对“Debug\网页刷新软件.lastbuildstate”执行 Touch 任务。
已完成生成项目“C:\Documents and Settings\Administrator\桌面\网页刷新软件\网页刷新软件\网页刷新软件.vcxproj”(build 个目标)的操作。

生成成功。

已用时间 00:00:05.92
