e:\程序\个人项目\网页刷新软件\网页刷新软件\debug\网页刷新软件.pch
e:\程序\个人项目\网页刷新软件\网页刷新软件\debug\vc140.pdb
e:\程序\个人项目\网页刷新软件\网页刷新软件\debug\vc140.idb
e:\程序\个人项目\网页刷新软件\网页刷新软件\debug\stdafx.obj
e:\程序\个人项目\网页刷新软件\网页刷新软件\debug\explorer1.obj
e:\程序\个人项目\网页刷新软件\网页刷新软件\debug\网页刷新软件.obj
e:\程序\个人项目\网页刷新软件\网页刷新软件\debug\网页刷新软件dlg.obj
e:\程序\个人项目\网页刷新软件\debug\网页刷新软件.ilk
e:\程序\个人项目\网页刷新软件\debug\网页刷新软件.exe
e:\程序\个人项目\网页刷新软件\debug\网页刷新软件.pdb
e:\程序\个人项目\网页刷新软件\网页刷新软件\debug\网页刷新软件.res
e:\程序\个人项目\网页刷新软件\网页刷新软件\debug\网页刷新软件.tlog\cl.command.1.tlog
e:\程序\个人项目\网页刷新软件\网页刷新软件\debug\网页刷新软件.tlog\cl.read.1.tlog
e:\程序\个人项目\网页刷新软件\网页刷新软件\debug\网页刷新软件.tlog\cl.write.1.tlog
e:\程序\个人项目\网页刷新软件\网页刷新软件\debug\网页刷新软件.tlog\link.command.1.tlog
e:\程序\个人项目\网页刷新软件\网页刷新软件\debug\网页刷新软件.tlog\link.read.1.tlog
e:\程序\个人项目\网页刷新软件\网页刷新软件\debug\网页刷新软件.tlog\link.write.1.tlog
e:\程序\个人项目\网页刷新软件\网页刷新软件\debug\网页刷新软件.tlog\rc.command.1.tlog
e:\程序\个人项目\网页刷新软件\网页刷新软件\debug\网页刷新软件.tlog\rc.read.1.tlog
e:\程序\个人项目\网页刷新软件\网页刷新软件\debug\网页刷新软件.tlog\rc.write.1.tlog
